<?xml version="1.0" encoding="utf-8"?><testsuites><testsuite errors="0" failures="0" hostname="adb628b209a1" name="pytest" skipped="0" tests="5" time="0.343" timestamp="2022-05-17T10:34:46.093143"><testcase classname="test_lab1" name="test_create_database" time="0.223" /><testcase classname="test_lab1" name="test_clients" time="0.001" /><testcase classname="test_lab1" name="test_orders" time="0.001" /><testcase classname="test_lab1" name="test_sum_clients" time="0.083" /><testcase classname="test_lab1" name="test_sum_orders" time="0.002" /></testsuite></testsuites>